0 info it worked if it ends with ok
1 verbose cli [ '/usr/local/Cellar/node/5.2.0/bin/node',
1 verbose cli   '/usr/local/bin/npm',
1 verbose cli   'install',
1 verbose cli   'typescript',
1 verbose cli   '-g' ]
2 info using npm@3.3.12
3 info using node@v5.2.0
4 silly loadCurrentTree Starting
5 silly install loadCurrentTree
6 silly install readGlobalPackageData
7 silly fetchPackageMetaData typescript
8 silly fetchNamedPackageData typescript
9 silly mapToRegistry name typescript
10 silly mapToRegistry using default registry
11 silly mapToRegistry registry https://registry.npmjs.org/
12 silly mapToRegistry uri https://registry.npmjs.org/typescript
13 verbose request uri https://registry.npmjs.org/typescript
14 verbose request no auth needed
15 info attempt registry request try #1 at 8:20:45 AM
16 verbose request id 9e44acceef5202a4
17 http request GET https://registry.npmjs.org/typescript
18 http 200 https://registry.npmjs.org/typescript
19 verbose headers { server: 'CouchDB/1.5.0 (Erlang OTP/R16B03)',
19 verbose headers   etag: '"67KIB71G7NBO8TMZ5HVPZ13H6"',
19 verbose headers   'content-type': 'application/json',
19 verbose headers   'cache-control': 'max-age=300',
19 verbose headers   'content-length': '435829',
19 verbose headers   'accept-ranges': 'bytes',
19 verbose headers   date: 'Mon, 21 Mar 2016 15:21:30 GMT',
19 verbose headers   via: '1.1 varnish',
19 verbose headers   age: '106',
19 verbose headers   connection: 'keep-alive',
19 verbose headers   'x-served-by': 'cache-sjc3133-SJC',
19 verbose headers   'x-cache': 'HIT',
19 verbose headers   'x-cache-hits': '1',
19 verbose headers   'x-timer': 'S1458573690.711566,VS0,VE0',
19 verbose headers   vary: 'Accept' }
20 silly get cb [ 200,
20 silly get   { server: 'CouchDB/1.5.0 (Erlang OTP/R16B03)',
20 silly get     etag: '"67KIB71G7NBO8TMZ5HVPZ13H6"',
20 silly get     'content-type': 'application/json',
20 silly get     'cache-control': 'max-age=300',
20 silly get     'content-length': '435829',
20 silly get     'accept-ranges': 'bytes',
20 silly get     date: 'Mon, 21 Mar 2016 15:21:30 GMT',
20 silly get     via: '1.1 varnish',
20 silly get     age: '106',
20 silly get     connection: 'keep-alive',
20 silly get     'x-served-by': 'cache-sjc3133-SJC',
20 silly get     'x-cache': 'HIT',
20 silly get     'x-cache-hits': '1',
20 silly get     'x-timer': 'S1458573690.711566,VS0,VE0',
20 silly get     vary: 'Accept' } ]
21 verbose get saving typescript to /Users/Guest/.npm/registry.npmjs.org/typescript/.cache.json
22 silly install normalizeTree
23 silly loadCurrentTree Finishing
24 silly loadIdealTree Starting
25 silly install loadIdealTree
26 silly cloneCurrentTree Starting
27 silly install cloneCurrentTreeToIdealTree
28 silly cloneCurrentTree Finishing
29 silly loadShrinkwrap Starting
30 silly install loadShrinkwrap
31 silly loadShrinkwrap Finishing
32 silly loadAllDepsIntoIdealTree Starting
33 silly install loadAllDepsIntoIdealTree
34 silly resolveWithNewModule typescript@1.8.9 checking installable status
35 silly cache add args [ 'typescript', null ]
36 verbose cache add spec typescript
37 silly cache add parsed spec Result {
37 silly cache add   raw: 'typescript',
37 silly cache add   scope: null,
37 silly cache add   name: 'typescript',
37 silly cache add   rawSpec: '',
37 silly cache add   spec: '*',
37 silly cache add   type: 'range' }
38 silly addNamed typescript@*
39 verbose addNamed "*" is a valid semver range for typescript
40 silly addNameRange { name: 'typescript', range: '*', hasData: false }
41 silly mapToRegistry name typescript
42 silly mapToRegistry using default registry
43 silly mapToRegistry registry https://registry.npmjs.org/
44 silly mapToRegistry uri https://registry.npmjs.org/typescript
45 verbose addNameRange registry:https://registry.npmjs.org/typescript not in flight; fetching
46 verbose get https://registry.npmjs.org/typescript not expired, no request
47 silly addNameRange number 2 { name: 'typescript', range: '*', hasData: true }
48 silly addNameRange versions [ 'typescript',
48 silly addNameRange   [ '0.8.0',
48 silly addNameRange     '0.8.1',
48 silly addNameRange     '0.8.1-1',
48 silly addNameRange     '0.8.2',
48 silly addNameRange     '0.8.3',
48 silly addNameRange     '0.9.0',
48 silly addNameRange     '0.9.0-1',
48 silly addNameRange     '0.9.1',
48 silly addNameRange     '0.9.1-1',
48 silly addNameRange     '0.9.5',
48 silly addNameRange     '0.9.7',
48 silly addNameRange     '1.0.0',
48 silly addNameRange     '1.0.1',
48 silly addNameRange     '1.1.0-1',
48 silly addNameRange     '1.3.0',
48 silly addNameRange     '1.4.1',
48 silly addNameRange     '1.5.0-alpha',
48 silly addNameRange     '1.5.0-beta',
48 silly addNameRange     '1.5.3',
48 silly addNameRange     '1.6.0-dev.20150722.1',
48 silly addNameRange     '1.6.0-dev.20150723',
48 silly addNameRange     '1.6.0-dev.20150724',
48 silly addNameRange     '1.6.0-dev.20150725',
48 silly addNameRange     '1.6.0-dev.20150726',
48 silly addNameRange     '1.6.0-dev.20150727',
48 silly addNameRange     '1.6.0-dev.20150728',
48 silly addNameRange     '1.6.0-dev.20150729',
48 silly addNameRange     '1.6.0-dev.20150730',
48 silly addNameRange     '1.6.0-dev.20150731',
48 silly addNameRange     '1.6.0-dev.20150801',
48 silly addNameRange     '1.6.0-dev.20150802',
48 silly addNameRange     '1.6.0-dev.20150803',
48 silly addNameRange     '1.6.0-dev.20150804',
48 silly addNameRange     '1.6.0-dev.20150805',
48 silly addNameRange     '1.6.0-dev.20150806',
48 silly addNameRange     '1.6.0-dev.20150807',
48 silly addNameRange     '1.6.0-dev.20150808',
48 silly addNameRange     '1.6.0-dev.20150809',
48 silly addNameRange     '1.6.0-dev.20150810',
48 silly addNameRange     '1.6.0-dev.20150811',
48 silly addNameRange     '1.6.0-dev.20150812',
48 silly addNameRange     '1.6.0-dev.20150813',
48 silly addNameRange     '1.6.0-dev.20150814',
48 silly addNameRange     '1.6.0-dev.20150815',
48 silly addNameRange     '1.6.0-dev.20150816',
48 silly addNameRange     '1.6.0-dev.20150817',
48 silly addNameRange     '1.6.0-dev.20150818',
48 silly addNameRange     '1.6.0-dev.20150819',
48 silly addNameRange     '1.6.0-dev.20150820',
48 silly addNameRange     '1.6.0-dev.20150821',
48 silly addNameRange     '1.6.0-dev.20150822',
48 silly addNameRange     '1.6.0-dev.20150823',
48 silly addNameRange     '1.6.0-dev.20150824',
48 silly addNameRange     '1.6.0-dev.20150825',
48 silly addNameRange     '1.7.0-dev.20150826',
48 silly addNameRange     '1.7.0-dev.20150827',
48 silly addNameRange     '1.7.0-dev.20150828',
48 silly addNameRange     '1.7.0-dev.20150829',
48 silly addNameRange     '1.7.0-dev.20150830',
48 silly addNameRange     '1.7.0-dev.20150831',
48 silly addNameRange     '1.7.0-dev.20150901',
48 silly addNameRange     '1.7.0-dev.20150902',
48 silly addNameRange     '1.6.0-beta',
48 silly addNameRange     '1.7.0-dev.20150903',
48 silly addNameRange     '1.7.0-dev.20150904',
48 silly addNameRange     '1.6.0-dev.20150905',
48 silly addNameRange     '1.6.0-dev.20150906',
48 silly addNameRange     '1.6.0-dev.20150907',
48 silly addNameRange     '1.6.0-dev.20150908',
48 silly addNameRange     '1.6.0-dev.20150909',
48 silly addNameRange     '1.6.0-dev.20150910',
48 silly addNameRange     '1.6.0-dev.20150911',
48 silly addNameRange     '1.6.0-dev.20150912',
48 silly addNameRange     '1.6.0-dev.20150913',
48 silly addNameRange     '1.6.0-dev.20150914',
48 silly addNameRange     '1.6.0-dev.20150915',
48 silly addNameRange     '1.7.0-dev.20150916',
48 silly addNameRange     '1.6.2',
48 silly addNameRange     '1.7.0-dev.20150917',
48 silly addNameRange     '1.7.0-dev.20150918',
48 silly addNameRange     '1.7.0-dev.20150919',
48 silly addNameRange     '1.7.0-dev.20150920',
48 silly addNameRange     '1.7.0-dev.20150921',
48 silly addNameRange     '1.7.0-dev.20150922',
48 silly addNameRange     '1.7.0-dev.20150923',
48 silly addNameRange     '1.7.0-dev.20150924',
48 silly addNameRange     '1.7.0-dev.20150925',
48 silly addNameRange     '1.7.0-dev.20150926',
48 silly addNameRange     '1.7.0-dev.20150927',
48 silly addNameRange     '1.7.0-dev.20150928',
48 silly addNameRange     '1.7.0-dev.20150929',
48 silly addNameRange     '1.7.0-dev.20150930',
48 silly addNameRange     '1.7.0-dev.20151001',
48 silly addNameRange     '1.7.0-dev.20151002',
48 silly addNameRange     '1.7.0-dev.20151003',
48 silly addNameRange     '1.7.0-dev.20151004',
48 silly addNameRange     '1.7.0-dev.20151005',
48 silly addNameRange     '1.7.0-dev.20151006',
48 silly addNameRange     '1.7.0-dev.20151014',
48 silly addNameRange     '1.7.0-dev.20151015',
48 silly addNameRange     '1.7.0-dev.20151016',
48 silly addNameRange     '1.8.0-dev.20151017',
48 silly addNameRange     '1.8.0-dev.20151018',
48 silly addNameRange     '1.8.0-dev.20151019',
48 silly addNameRange     '1.8.0-dev.20151020',
48 silly addNameRange     '1.8.0-dev.20151021',
48 silly addNameRange     '1.8.0-dev.20151022',
48 silly addNameRange     '1.8.0-dev.20151023',
48 silly addNameRange     '1.8.0-dev.20151024',
48 silly addNameRange     '1.8.0-dev.20151025',
48 silly addNameRange     '1.8.0-dev.20151026',
48 silly addNameRange     '1.8.0-dev.20151027',
48 silly addNameRange     '1.8.0-dev.20151028',
48 silly addNameRange     '1.8.0-dev.20151029',
48 silly addNameRange     '1.8.0-dev.20151030',
48 silly addNameRange     '1.8.0-dev.20151031',
48 silly addNameRange     '1.8.0-dev.20151101',
48 silly addNameRange     '1.8.0-dev.20151102',
48 silly addNameRange     '1.8.0-dev.20151103',
48 silly addNameRange     '1.8.0-dev.20151104',
48 silly addNameRange     '1.8.0-dev.20151105',
48 silly addNameRange     '1.8.0-dev.20151106',
48 silly addNameRange     '1.8.0-dev.20151107',
48 silly addNameRange     '1.8.0-dev.20151108',
48 silly addNameRange     '1.8.0-dev.20151109',
48 silly addNameRange     '1.8.0-dev.20151110',
48 silly addNameRange     '1.8.0-dev.20151111',
48 silly addNameRange     '1.8.0-dev.20151112',
48 silly addNameRange     '1.8.0-dev.20151113',
48 silly addNameRange     '1.8.0-dev.20151114',
48 silly addNameRange     '1.8.0-dev.20151115',
48 silly addNameRange     '1.8.0-dev.20151116',
48 silly addNameRange     '1.8.0-dev.20151117',
48 silly addNameRange     '1.8.0-dev.20151118',
48 silly addNameRange     '1.8.0-dev.20151119',
48 silly addNameRange     '1.8.0-dev.20151120',
48 silly addNameRange     '1.8.0-dev.20151121',
48 silly addNameRange     '1.8.0-dev.20151122',
48 silly addNameRange     '1.8.0-dev.20151123',
48 silly addNameRange     '1.8.0-dev.20151124',
48 silly addNameRange     '1.8.0-dev.20151125',
48 silly addNameRange     '1.8.0-dev.20151126',
48 silly addNameRange     '1.8.0-dev.20151127',
48 silly addNameRange     '1.8.0-dev.20151128',
48 silly addNameRange     '1.8.0-dev.20151129',
48 silly addNameRange     '1.8.0-dev.20151130',
48 silly addNameRange     '1.7.3',
48 silly addNameRange     '1.8.0-dev.20151201',
48 silly addNameRange     '1.8.0-dev.20151202',
48 silly addNameRange     '1.8.0-dev.20151203',
48 silly addNameRange     '1.8.0-dev.20151204',
48 silly addNameRange     '1.8.0-dev.20151210',
48 silly addNameRange     '1.8.0-dev.20151211',
48 silly addNameRange     '1.8.0-dev.20151212',
48 silly addNameRange     '1.8.0-dev.20151213',
48 silly addNameRange     '1.8.0-dev.20151214',
48 silly addNameRange     '1.7.5',
48 silly addNameRange     '1.8.0-dev.20151215',
48 silly addNameRange     '1.8.0-dev.20151216',
48 silly addNameRange     '1.8.0-dev.20151217',
48 silly addNameRange     '1.8.0-dev.20151218',
48 silly addNameRange     '1.8.0-dev.20151219',
48 silly addNameRange     '1.8.0-dev.20151220',
48 silly addNameRange     '1.8.0-dev.20151221',
48 silly addNameRange     '1.8.0-dev.20151222',
48 silly addNameRange     '1.8.0-dev.20151223',
48 silly addNameRange     '1.8.0-dev.20151224',
48 silly addNameRange     '1.8.0-dev.20151225',
48 silly addNameRange     '1.8.0-dev.20151226',
48 silly addNameRange     '1.8.0-dev.20151227',
48 silly addNameRange     '1.8.0-dev.20151228',
48 silly addNameRange     '1.8.0-dev.20151229',
48 silly addNameRange     '1.8.0-dev.20151230',
48 silly addNameRange     '1.8.0-dev.20151231',
48 silly addNameRange     '1.8.0-dev.20160101',
48 silly addNameRange     '1.8.0-dev.20160102',
48 silly addNameRange     '1.8.0-dev.20160103',
48 silly addNameRange     '1.8.0-dev.20160104',
48 silly addNameRange     '1.8.0-dev.20160105',
48 silly addNameRange     '1.8.0-dev.20160106',
48 silly addNameRange     '1.8.0-dev.20160107',
48 silly addNameRange     '1.8.0-dev.20160108',
48 silly addNameRange     '1.8.0-dev.20160109',
48 silly addNameRange     '1.8.0-dev.20160110',
48 silly addNameRange     '1.8.0-dev.20160111',
48 silly addNameRange     '1.8.0-dev.20160112',
48 silly addNameRange     '1.8.0-dev.20160113',
48 silly addNameRange     '1.8.0-dev.20160114',
48 silly addNameRange     '1.8.0-dev.20160115',
48 silly addNameRange     '1.8.0-dev.20160116',
48 silly addNameRange     '1.8.0-dev.20160117',
48 silly addNameRange     '1.8.0-dev.20160118',
48 silly addNameRange     '1.8.0-dev.20160119',
48 silly addNameRange     '1.8.0-dev.20160120',
48 silly addNameRange     '1.8.0-dev.20160121',
48 silly addNameRange     '1.8.0-dev.20160122',
48 silly addNameRange     '1.8.0-dev.20160123',
48 silly addNameRange     '1.8.0-dev.20160124',
48 silly addNameRange     '1.8.0-dev.20160125',
48 silly addNameRange     '1.9.0-dev.20160126',
48 silly addNameRange     '1.9.0-dev.20160127',
48 silly addNameRange     '1.9.0-dev.20160128',
48 silly addNameRange     '1.8.0',
48 silly addNameRange     '1.9.0-dev.20160129',
48 silly addNameRange     '1.9.0-dev.20160130',
48 silly addNameRange     '1.9.0-dev.20160131',
48 silly addNameRange     '1.9.0-dev.20160201',
48 silly addNameRange     '1.9.0-dev.20160202',
48 silly addNameRange     '1.9.0-dev.20160203',
48 silly addNameRange     '1.9.0-dev.20160204',
48 silly addNameRange     '1.9.0-dev.20160205',
48 silly addNameRange     '1.9.0-dev.20160206',
48 silly addNameRange     '1.9.0-dev.20160207',
48 silly addNameRange     '1.9.0-dev.20160208',
48 silly addNameRange     '1.9.0-dev.20160209',
48 silly addNameRange     '1.9.0-dev.20160210',
48 silly addNameRange     '1.9.0-dev.20160211',
48 silly addNameRange     '1.9.0-dev.20160212',
48 silly addNameRange     '1.9.0-dev.20160213',
48 silly addNameRange     '1.9.0-dev.20160214',
48 silly addNameRange     '1.9.0-dev.20160215',
48 silly addNameRange     '1.9.0-dev.20160216',
48 silly addNameRange     '1.9.0-dev.20160217',
48 silly addNameRange     '1.9.0-dev.20160218',
48 silly addNameRange     '1.9.0-dev.20160219',
48 silly addNameRange     '1.9.0-dev.20160220',
48 silly addNameRange     '1.9.0-dev.20160221',
48 silly addNameRange     '1.9.0-dev.20160222',
48 silly addNameRange     '1.8.2',
48 silly addNameRange     '1.9.0-dev.20160223',
48 silly addNameRange     '1.9.0-dev.20160224',
48 silly addNameRange     '1.9.0-dev.20160225',
48 silly addNameRange     '1.9.0-dev.20160226',
48 silly addNameRange     '1.9.0-dev.20160227',
48 silly addNameRange     '1.9.0-dev.20160228',
48 silly addNameRange     '1.9.0-dev.20160229',
48 silly addNameRange     '1.9.0-dev.20160301',
48 silly addNameRange     '1.8.5',
48 silly addNameRange     '1.8.6',
48 silly addNameRange     '1.8.7',
48 silly addNameRange     '1.9.0-dev.20160302',
48 silly addNameRange     '1.9.0-dev.20160302.1',
48 silly addNameRange     '1.9.0-dev.20160303',
48 silly addNameRange     '1.9.0-dev.20160304',
48 silly addNameRange     '1.9.0-dev.20160305',
48 silly addNameRange     '1.9.0-dev.20160306',
48 silly addNameRange     '1.9.0-dev.20160307',
48 silly addNameRange     '1.9.0-dev.20160308',
48 silly addNameRange     '1.9.0-dev.20160309',
48 silly addNameRange     '1.9.0-dev.20160310',
48 silly addNameRange     '1.9.0-dev.20160311',
48 silly addNameRange     '1.9.0-dev.20160312',
48 silly addNameRange     '1.9.0-dev.20160313',
48 silly addNameRange     '1.9.0-dev.20160315',
48 silly addNameRange     '1.9.0-dev.20160316',
48 silly addNameRange     '1.8.9',
48 silly addNameRange     '1.9.0-dev.20160317',
48 silly addNameRange     '1.9.0-dev.20160318',
48 silly addNameRange     '1.9.0-dev.20160319',
48 silly addNameRange     '1.9.0-dev.20160320',
48 silly addNameRange     '1.9.0-dev.20160321' ] ]
49 silly addNamed typescript@1.8.9
50 verbose addNamed "1.8.9" is a plain semver version for typescript
51 silly mapToRegistry name typescript
52 silly mapToRegistry using default registry
53 silly mapToRegistry registry https://registry.npmjs.org/
54 silly mapToRegistry uri https://registry.npmjs.org/typescript
55 verbose addRemoteTarball https://registry.npmjs.org/typescript/-/typescript-1.8.9.tgz not in flight; adding
56 verbose addRemoteTarball [ 'https://registry.npmjs.org/typescript/-/typescript-1.8.9.tgz',
56 verbose addRemoteTarball   'b3b3a74059fd31cbd3ecad95d62465939e7ed5fa' ]
57 info retry fetch attempt 1 at 8:20:46 AM
58 info attempt registry request try #1 at 8:20:46 AM
59 http fetch GET https://registry.npmjs.org/typescript/-/typescript-1.8.9.tgz
60 http fetch 200 https://registry.npmjs.org/typescript/-/typescript-1.8.9.tgz
61 silly fetchAndShaCheck shasum b3b3a74059fd31cbd3ecad95d62465939e7ed5fa
62 verbose addTmpTarball /var/folders/zz/zyxvpxvq6csfxvn_n00000s4000069/T/npm-856-a057430d/registry.npmjs.org/typescript/-/typescript-1.8.9.tgz not in flight; adding
63 verbose addTmpTarball already have metadata; skipping unpack for typescript@1.8.9
64 silly cache afterAdd typescript@1.8.9
65 verbose afterAdd /Users/Guest/.npm/typescript/1.8.9/package/package.json not in flight; writing
66 verbose afterAdd /Users/Guest/.npm/typescript/1.8.9/package/package.json written
67 silly loadAllDepsIntoIdealTree Finishing
68 silly idealTree:prePrune lib
68 silly idealTree:prePrune └── typescript@1.8.9
69 silly loadIdealTree Finishing
70 silly currentTree lib
71 silly idealTree lib
71 silly idealTree └── typescript@1.8.9
72 silly generateActionsToTake Starting
73 silly install generateActionsToTake
74 warn checkPermissions Missing write access to /usr/local/lib/node_modules
75 silly rollbackFailedOptional Starting
76 silly rollbackFailedOptional Finishing
77 silly runTopLevelLifecycles Starting
78 silly runTopLevelLifecycles Finishing
79 silly install printInstalled
80 verbose stack Error: EACCES: permission denied, access '/usr/local/lib/node_modules'
80 verbose stack     at Error (native)
81 verbose cwd /Users/Guest/Desktop/JS-skeleton-2
82 error Darwin 15.2.0
83 error argv "/usr/local/Cellar/node/5.2.0/bin/node" "/usr/local/bin/npm" "install" "typescript" "-g"
84 error node v5.2.0
85 error npm  v3.3.12
86 error path /usr/local/lib/node_modules
87 error code EACCES
88 error errno -13
89 error syscall access
90 error Error: EACCES: permission denied, access '/usr/local/lib/node_modules'
90 error     at Error (native)
90 error  { [Error: EACCES: permission denied, access '/usr/local/lib/node_modules']
90 error   errno: -13,
90 error   code: 'EACCES',
90 error   syscall: 'access',
90 error   path: '/usr/local/lib/node_modules' }
91 error Please try running this command again as root/Administrator.
92 verbose exit [ -13, true ]
